<?xml version="1.0" encoding="utf-8"?><testsuites name="pytest tests"><testsuite name="pytest" errors="0" failures="0" skipped="0" tests="13" time="34.353" timestamp="2026-09-20T06:41:20.244388+00:00" hostname="agent-env-37729b80-5047-4e01-ab90-b48ccd12590d"><testcase classname="tests.test_iter6_customers.TestCustomerCRUD" name="test_create_with_address" time="5.251" /><testcase classname="tests.test_iter6_customers.TestDashboardTopCustomers" name="test_top_customers_shape" time="8.527" /><testcase classname="tests.test_iter6_customers.TestCustomerCRUD" name="test_get_shows_address_persisted" time="1.562" /><testcase classname="tests.test_iter6_customers.TestCustomerCRUD" name="test_update_address" time="2.270" /><testcase classname="tests.test_iter6_customers.TestDashboardTopCustomers" name="test_top_customers_ordered_by_spend_desc" time="4.184" /><testcase classname="tests.test_iter6_customers.TestCustomersList" name="test_customers_have_aggregates" time="0.707" /><testcase classname="tests.test_iter6_customers.TestCustomersList" name="test_customers_search" time="0.718" /><testcase classname="tests.test_iter6_customers.TestCancelOrder" name="test_cancel_removes_from_omzet" time="16.098" /><testcase classname="tests.test_iter6_customers.TestDashboardTopCustomers" name="test_dashboard_trend_month" time="4.178" /><testcase classname="tests.test_iter6_customers.TestCustomerDetail" name="test_detail_shape" time="2.299" /><testcase classname="tests.test_iter6_customers.TestCustomerDetail" name="test_detail_404" time="0.727" /><testcase classname="tests.test_iter6_customers.TestCancelOrder" name="test_cancel_missing_order" time="0.752" /><testcase classname="tests.test_iter6_customers.TestOrdersToday" name="test_today_filter" time="6.684" /></testsuite></testsuites>