<?xml version="1.0" encoding="utf-8"?><testsuites name="pytest tests"><testsuite name="pytest" errors="0" failures="1" skipped="0" tests="9" time="24.447" timestamp="2026-09-20T05:26:21.605634+00:00" hostname="agent-env-37729b80-5047-4e01-ab90-b48ccd12590d"><testcase classname="tests.test_iter4_reports.TestFinancialByMethod" name="test_income_by_method_shape_and_labels" time="5.867" /><testcase classname="tests.test_iter4_reports.TestOrderPaymentMethod" name="test_create_order_with_method[cash]" time="8.016" /><testcase classname="tests.test_iter4_reports.TestFinancialByMethod" name="test_financial_respects_frm_to" time="5.729" /><testcase classname="tests.test_iter4_reports.TestOrderPaymentMethod" name="test_create_order_with_method[qris]" time="6.195" /><testcase classname="tests.test_iter4_reports.TestFinancialByMethod" name="test_financial_outlet_filter" time="2.851" /><testcase classname="tests.test_iter4_reports.TestOrderPaymentMethod" name="test_create_order_with_method[emoney]" time="6.209" /><testcase classname="tests.test_iter4_reports.TestTransactionsReport" name="test_transactions_totals_shape" time="2.851" /><testcase classname="tests.test_iter4_reports.TestAdvanceAttribution" name="test_advance_out_of_washing_credits_employee" time="2.231"><failure message="AssertionError: login payload missing id: {'role': 'pegawai', 'employee': {'id': 'b369485e-111f-46af-9566-f2a3294ee0bc', 'name': 'Joko Produksi', 'role_type': 'produksi', 'pin': '3333', 'outlet_id': 'e5fc0b12-25f5-4be2-a117-6fea0df032da', 'active': True, 'permissions': '{&quot;orders&quot;: true, &quot;reports&quot;: false, &quot;delivery&quot;: true}', 'created_at': '2026-09-19T14:57:08.591322+00:00', 'username': 'joko'}, 'outlets': [{'id': 'e5fc0b12-25f5-4be2-a117-6fea0df032da', 'name': 'Jadiwangi Kalimulya', 'city': 'Depok', 'address': 'Jl. Kalimulya No. 8, Cilodong, Depok', 'phone': '021-8770456', 'sla_hours': 48, 'qris_url': '', 'created_at': '2026-09-19T14:57:08.591322+00:00'}, {'id': 'a1564153-3b1a-4528-9132-1a4406acb094', 'name': 'Jadiwangi Pulomas', 'city': 'Jakarta', 'address': 'Jl. Pulomas Raya No. 12, Jakarta Timur', 'phone': '021-4890123', 'sla_hours': 48, 'qris_url': '', 'created_at': '2026-09-19T14:57:08.591322+00:00'}, {'id': '654ab50b-111c-4e9b-8df3-ff7a9a1e0916', 'name': 'Jadiwangi Ujungberung', 'city': 'Bandung', 'address': 'Jl. Ujungberung No. 45, Bandung', 'phone': '022-7801234', 'sla_hours': 36, 'qris_url': '', 'created_at': '2026-09-19T14:57:08.591322+00:00'}]}&#10;assert None">backend/tests/test_iter4_reports.py:129: in test_advance_out_of_washing_credits_employee
    assert emp_id, f"login payload missing id: {udata}"
E   AssertionError: login payload missing id: {'role': 'pegawai', 'employee': {'id': 'b369485e-111f-46af-9566-f2a3294ee0bc', 'name': 'Joko Produksi', 'role_type': 'produksi', 'pin': '3333', 'outlet_id': 'e5fc0b12-25f5-4be2-a117-6fea0df032da', 'active': True, 'permissions': '{"orders": true, "reports": false, "delivery": true}', 'created_at': '2026-09-19T14:57:08.591322+00:00', 'username': 'joko'}, 'outlets': [{'id': 'e5fc0b12-25f5-4be2-a117-6fea0df032da', 'name': 'Jadiwangi Kalimulya', 'city': 'Depok', 'address': 'Jl. Kalimulya No. 8, Cilodong, Depok', 'phone': '021-8770456', 'sla_hours': 48, 'qris_url': '', 'created_at': '2026-09-19T14:57:08.591322+00:00'}, {'id': 'a1564153-3b1a-4528-9132-1a4406acb094', 'name': 'Jadiwangi Pulomas', 'city': 'Jakarta', 'address': 'Jl. Pulomas Raya No. 12, Jakarta Timur', 'phone': '021-4890123', 'sla_hours': 48, 'qris_url': '', 'created_at': '2026-09-19T14:57:08.591322+00:00'}, {'id': '654ab50b-111c-4e9b-8df3-ff7a9a1e0916', 'name': 'Jadiwangi Ujungberung', 'city': 'Bandung', 'address': 'Jl. Ujungberung No. 45, Bandung', 'phone': '022-7801234', 'sla_hours': 36, 'qris_url': '', 'created_at': '2026-09-19T14:57:08.591322+00:00'}]}
E   assert None</failure></testcase><testcase classname="tests.test_iter4_reports.TestEmployeeReport" name="test_per_employee_shape" time="3.676" /></testsuite></testsuites>