<?xml version="1.0" encoding="utf-8"?><testsuites name="pytest tests"><testsuite name="pytest" errors="0" failures="0" skipped="0" tests="4" time="60.938" timestamp="2026-09-21T08:10:56.146775+00:00" hostname="agent-env-37729b80-5047-4e01-ab90-b48ccd12590d"><testcase classname="tests.test_iter15_camera_bayar_owner_idle.TestUploadAndQuotedBilling" name="test_upload_multipart_returns_valid_url" time="2.215" /><testcase classname="tests.test_iter15_camera_bayar_owner_idle.TestOwnerReportAndIdleCleanup" name="test_owner_transactions_recent_includes_requested_quoted_completed_and_cancelled" time="45.750" /><testcase classname="tests.test_iter15_camera_bayar_owner_idle.TestUploadAndQuotedBilling" name="test_request_weigh_with_photo_visible_in_unpaid_customer_orders" time="22.757" /><testcase classname="tests.test_iter15_camera_bayar_owner_idle.TestOwnerReportAndIdleCleanup" name="test_requested_order_older_than_14_days_auto_cancelled_on_get_orders" time="14.878" /></testsuite></testsuites>