<?xml version="1.0" encoding="utf-8"?><testsuites name="pytest tests"><testsuite name="pytest" errors="0" failures="0" skipped="0" tests="20" time="92.315" timestamp="2026-09-20T10:48:57.184511+00:00" hostname="agent-env-37729b80-5047-4e01-ab90-b48ccd12590d"><testcase classname="tests.test_iter9_flow.TestRegression" name="test_dashboard" time="9.260" /><testcase classname="tests.test_iter9_flow.TestPromoAndPay" name="test_promo_validate_ok" time="3.569" /><testcase classname="tests.test_iter9_flow.TestPromoAndPay" name="test_promo_validate_not_found" time="0.702" /><testcase classname="tests.test_iter9_flow.TestPromoAndPay" name="test_pay_qris_with_promo" time="10.918" /><testcase classname="tests.test_iter9_flow.TestRegression" name="test_leaderboard" time="2.980" /><testcase classname="tests.test_iter9_flow.TestRegression" name="test_reviews" time="0.725" /><testcase classname="tests.test_iter9_flow.TestRegression" name="test_payroll" time="24.442" /><testcase classname="tests.test_iter9_flow.TestPromoAndPay" name="test_pay_coin_with_promo" time="14.083" /><testcase classname="tests.test_iter9_flow.TestPromoAndPay" name="test_pay_invalid_promo_400" time="4.631" /><testcase classname="tests.test_iter9_flow.TestOrdersQueue" name="test_today_fifo_express" time="1.554" /><testcase classname="tests.test_iter9_flow.TestOrdersQueue" name="test_today_fifo_regular" time="1.563" /><testcase classname="tests.test_iter9_flow.TestOrdersQueue" name="test_today_fifo_order" time="1.562" /><testcase classname="tests.test_iter9_flow.TestRegression" name="test_topups_and_reports" time="10.241" /><testcase classname="tests.test_iter9_flow.TestOrdersShapeBugFix" name="test_orders_list_request_items_and_photos_are_arrays" time="1.591" /><testcase classname="tests.test_iter9_flow.TestOrdersShapeBugFix" name="test_orders_get_single_has_arrays_and_items" time="3.532" /><testcase classname="tests.test_iter9_flow.TestUploadFiles" name="test_upload_and_serve" time="0.591" /><testcase classname="tests.test_iter9_flow.TestFullFlow" name="test_weigh_empty_items_422" time="4.051" /><testcase classname="tests.test_iter9_flow.TestFullFlow" name="test_trip_pickup_and_no_duplicate" time="34.192" /><testcase classname="tests.test_iter9_flow.TestFullFlow" name="test_weigh_then_status_quoted_and_photos_persist" time="4.486" /><testcase classname="tests.test_iter9_flow.TestFullFlow" name="test_confirm_receipt" time="1.594" /></testsuite></testsuites>