<?xml version="1.0" encoding="utf-8"?><testsuites name="pytest tests"><testsuite name="pytest" errors="0" failures="0" skipped="0" tests="5" time="42.721" timestamp="2026-09-21T08:43:46.334041+00:00" hostname="agent-env-37729b80-5047-4e01-ab90-b48ccd12590d"><testcase classname="tests.test_iter18_frontend_source_regression" name="test_order_sync_preserves_failed_and_tail_jobs" time="0.000" /><testcase classname="tests.test_iter18_frontend_source_regression" name="test_order_sync_source_uses_tail_push_fix" time="0.000" /><testcase classname="tests.test_iter18_frontend_source_regression" name="test_express_badge_testid_selector_present" time="0.000" /><testcase classname="tests.test_iter17_order_advance_and_photo_purge.TestOrderAdvanceTargetStatus" name="test_advance_idempotent_and_invalid_target_conflict" time="18.278" /><testcase classname="tests.test_iter17_order_advance_and_photo_purge.TestPhotoPurgeOnListOrders" name="test_list_orders_purges_stale_photos" time="24.130" /></testsuite></testsuites>