<?xml version="1.0" encoding="utf-8"?><testsuites name="pytest tests"><testsuite name="pytest" errors="0" failures="0" skipped="0" tests="2" time="27.979" timestamp="2026-09-21T08:40:29.865681+00:00" hostname="agent-env-37729b80-5047-4e01-ab90-b48ccd12590d"><testcase classname="tests.test_iter17_order_advance_and_photo_purge.TestPhotoPurgeOnListOrders" name="test_list_orders_purges_stale_photos" time="23.583" /><testcase classname="tests.test_iter17_order_advance_and_photo_purge.TestOrderAdvanceTargetStatus" name="test_advance_idempotent_and_invalid_target_conflict" time="27.666" /></testsuite></testsuites>