<?xml version="1.0" encoding="utf-8"?><testsuites name="pytest tests"><testsuite name="pytest" errors="0" failures="0" skipped="0" tests="4" time="24.709" timestamp="2026-09-21T04:24:31.615427+00:00" hostname="agent-env-37729b80-5047-4e01-ab90-b48ccd12590d"><testcase classname="tests.test_iter12_customer_express_flow.TestRouteHealth" name="test_core_routes_no_5xx" time="11.541" /><testcase classname="tests.test_iter12_customer_express_flow.TestCustomerAndExpressFlow" name="test_customer_create_08_saved_plus62_and_query_found" time="7.947" /><testcase classname="tests.test_iter12_customer_express_flow.TestCustomerAndExpressFlow" name="test_create_customer_duplicate_cross_format_409" time="2.837" /><testcase classname="tests.test_iter12_customer_express_flow.TestCustomerAndExpressFlow" name="test_express_order_saved_and_returned_by_queue_today_express" time="13.594" /></testsuite></testsuites>