<?xml version="1.0" encoding="utf-8"?><testsuites name="pytest tests"><testsuite name="pytest" errors="0" failures="0" skipped="0" tests="4" time="49.624" timestamp="2026-09-21T07:22:14.701108+00:00" hostname="agent-env-37729b80-5047-4e01-ab90-b48ccd12590d"><testcase classname="tests.test_iter14_ready_pickup_weigh.TestReadyAndClosureFlow" name="test_active_excludes_ready_and_status_ready_includes_order" time="30.130" /><testcase classname="tests.test_iter14_ready_pickup_weigh.TestMinKgAndOutletValidation" name="test_create_order_rejects_qty_below_service_min_kg" time="3.583" /><testcase classname="tests.test_iter14_ready_pickup_weigh.TestMinKgAndOutletValidation" name="test_create_order_rejects_service_from_other_outlet" time="4.263" /><testcase classname="tests.test_iter14_ready_pickup_weigh.TestMinKgAndOutletValidation" name="test_weigh_rejects_below_min_kg" time="11.574" /></testsuite></testsuites>