<?xml version="1.0" encoding="utf-8"?><testsuites name="pytest tests"><testsuite name="pytest" errors="0" failures="0" skipped="0" tests="4" time="55.132" timestamp="2026-09-21T04:51:28.571298+00:00" hostname="agent-env-37729b80-5047-4e01-ab90-b48ccd12590d"><testcase classname="tests.test_iter13_payment_timeline_ready.TestIter13PaymentAndPipeline" name="test_unpaid_order_can_be_paid_with_supported_methods[cash]" time="13.961" /><testcase classname="tests.test_iter13_payment_timeline_ready.TestIter13PaymentAndPipeline" name="test_unpaid_order_can_be_paid_with_supported_methods[qris]" time="11.189" /><testcase classname="tests.test_iter13_payment_timeline_ready.TestIter13PaymentAndPipeline" name="test_unpaid_order_can_be_paid_with_supported_methods[emoney]" time="11.213" /><testcase classname="tests.test_iter13_payment_timeline_ready.TestIter13PaymentAndPipeline" name="test_ironing_advances_to_packing_then_ready_and_visible_in_ready_list" time="18.441" /></testsuite></testsuites>