<?xml version="1.0" encoding="utf-8"?><testsuites name="pytest tests"><testsuite name="pytest" errors="0" failures="0" skipped="0" tests="4" time="11.515" timestamp="2026-09-21T03:59:16.274331+00:00" hostname="agent-env-37729b80-5047-4e01-ab90-b48ccd12590d"><testcase classname="tests.test_iter11_customers_whatsapp.TestCustomerWhatsAppRules" name="test_create_phone_08_stored_canonical_plus62" time="5.218" /><testcase classname="tests.test_iter11_customers_whatsapp.TestCustomerWhatsAppRules" name="test_create_invalid_name_returns_422" time="0.076" /><testcase classname="tests.test_iter11_customers_whatsapp.TestCustomerWhatsAppRules" name="test_create_invalid_phone_returns_422" time="0.077" /><testcase classname="tests.test_iter11_customers_whatsapp.TestCustomerWhatsAppRules" name="test_duplicate_phone_cross_format_returns_409" time="5.804" /></testsuite></testsuites>