<?xml version="1.0" encoding="utf-8"?><testsuites name="pytest tests"><testsuite name="pytest" errors="0" failures="0" skipped="1" tests="18" time="130.465" timestamp="2026-09-20T09:02:28.274086+00:00" hostname="agent-env-37729b80-5047-4e01-ab90-b48ccd12590d"><testcase classname="tests.test_iter8_topup_reviews" name="test_topup_packages" time="0.271" /><testcase classname="tests.test_iter8_topup_reviews" name="test_create_topup_valid_pending" time="2.527" /><testcase classname="tests.test_iter8_topup_reviews" name="test_create_topup_invalid_amount" time="0.059" /><testcase classname="tests.test_iter8_topup_reviews" name="test_create_topup_customer_not_found" time="0.699" /><testcase classname="tests.test_iter8_topup_reviews" name="test_confirm_topup_flow" time="20.133" /><testcase classname="tests.test_iter8_topup_reviews" name="test_reject_topup_and_double_reject" time="8.639" /><testcase classname="tests.test_iter8_topup_reviews" name="test_coin_expiry" time="0.931"><skipped type="pytest.skip" message="Cannot set past deposit_expires_at without DB access; expire_deposits code path verified via review.">/app/backend/tests/test_iter8_topup_reviews.py:150: Cannot set past deposit_expires_at without DB access; expire_deposits code path verified via review.</skipped></testcase><testcase classname="tests.test_iter8_topup_reviews" name="test_review_first_5_grants_voucher" time="5.147" /><testcase classname="tests.test_iter8_topup_reviews" name="test_review_low_rating_new_and_resolve" time="3.865" /><testcase classname="tests.test_iter8_topup_reviews" name="test_review_invalid_rating" time="1.042" /><testcase classname="tests.test_iter8_topup_reviews" name="test_pay_with_voucher_qris" time="15.179" /><testcase classname="tests.test_iter8_topup_reviews" name="test_pay_with_voucher_coin_stacking" time="21.199" /><testcase classname="tests.test_iter8_topup_reviews" name="test_dashboard_new_fields" time="9.257" /><testcase classname="tests.test_iter8_topup_reviews" name="test_customer_detail_new_fields" time="3.037" /><testcase classname="tests.test_iter8_topup_reviews" name="test_promo_crud" time="2.797" /><testcase classname="tests.test_iter8_topup_reviews" name="test_regression_orders_unpaid_and_leaderboard" time="3.526" /><testcase classname="tests.test_iter8_topup_reviews" name="test_regression_reports_and_payroll" time="30.906" /><testcase classname="tests.test_iter8_topup_reviews" name="test_register_requires_outlet" time="0.929" /></testsuite></testsuites>