<?xml version="1.0" encoding="utf-8"?><testsuites name="pytest tests"><testsuite name="pytest" errors="0" failures="0" skipped="0" tests="17" time="53.737" timestamp="2026-09-20T08:19:00.125446+00:00" hostname="agent-env-37729b80-5047-4e01-ab90-b48ccd12590d"><testcase classname="tests.test_iter7_customer.TestRegressions" name="test_dashboard" time="8.426" /><testcase classname="tests.test_iter7_customer.TestPayFlow" name="test_pay_qris_full_amount" time="11.625" /><testcase classname="tests.test_iter7_customer.TestRegressions" name="test_reports_today" time="9.360" /><testcase classname="tests.test_iter7_customer.TestPayFlow" name="test_pay_cash_full_amount" time="8.626" /><testcase classname="tests.test_iter7_customer.TestRegressions" name="test_payroll_current_period" time="19.008" /><testcase classname="tests.test_iter7_customer.TestPayFlow" name="test_pay_coin_10pct_discount_and_deducts_deposit" time="11.568" /><testcase classname="tests.test_iter7_customer.TestPayFlow" name="test_pay_coin_insufficient_deposit_returns_400" time="5.604" /><testcase classname="tests.test_iter7_customer.TestRegressions" name="test_services_by_outlet" time="0.707" /><testcase classname="tests.test_iter7_customer.TestPayFlow" name="test_pay_idempotent_when_already_paid" time="9.744" /><testcase classname="tests.test_iter7_customer.TestRegressions" name="test_orders_request_endpoint" time="2.693" /><testcase classname="tests.test_iter7_customer.TestPickOutlet" name="test_patch_outlet_ok_and_404_paths" time="3.909" /><testcase classname="tests.test_iter7_customer.TestPromos" name="test_two_promos_seeded_per_outlet" time="0.705" /><testcase classname="tests.test_iter7_customer.TestLeaderboard" name="test_leaderboard_mask_and_no_spend" time="1.417" /><testcase classname="tests.test_iter7_customer.TestUnpaidOrders" name="test_unpaid_filter" time="3.111" /><testcase classname="tests.test_iter7_customer.TestRegisterOutletGate" name="test_register_without_outlet_id_returns_422" time="0.923" /><testcase classname="tests.test_iter7_customer.TestRegisterOutletGate" name="test_register_invalid_outlet_id_returns_422" time="1.353" /><testcase classname="tests.test_iter7_customer.TestRegisterOutletGate" name="test_register_with_valid_outlet_succeeds" time="3.984" /></testsuite></testsuites>