<?xml version="1.0" encoding="utf-8"?><testsuites name="pytest tests"><testsuite name="pytest" errors="0" failures="0" skipped="0" tests="2" time="17.376" timestamp="2026-09-21T01:58:46.719123+00:00" hostname="agent-env-37729b80-5047-4e01-ab90-b48ccd12590d"><testcase classname="tests.test_iter10_kasbon" name="test_post_kasbon_rejects_non_positive_amount" time="5.805" /><testcase classname="tests.test_iter10_kasbon" name="test_kasbon_create_affects_payroll_and_delete_restores" time="11.236" /></testsuite></testsuites>