<?xml version="1.0" encoding="utf-8"?><testsuites name="pytest tests"><testsuite name="pytest" errors="0" failures="0" skipped="0" tests="11" time="70.911" timestamp="2026-09-20T06:04:03.284540+00:00" hostname="agent-env-37729b80-5047-4e01-ab90-b48ccd12590d"><testcase classname="tests.test_iter5_payroll.TestPayrollManualUpsert" name="test_upsert_reflects_in_next_payroll" time="16.229" /><testcase classname="tests.test_iter5_payroll.TestPayrollShape" name="test_payroll_returns_employees_with_all_fields" time="9.911" /><testcase classname="tests.test_iter5_payroll.TestPayrollShape" name="test_payroll_total_formula" time="6.222" /><testcase classname="tests.test_iter5_payroll.TestPayrollShape" name="test_payroll_bonus_formulas" time="6.224" /><testcase classname="tests.test_iter5_payroll.TestPayrollManualUpsert" name="test_upsert_idempotent" time="2.154" /><testcase classname="tests.test_iter5_payroll.TestAttendanceOnLogin" name="test_login_creates_attendance_today" time="16.048" /><testcase classname="tests.test_iter5_payroll.TestTripWorkLog" name="test_kurir_advance_pickup_creates_trip" time="19.816" /><testcase classname="tests.test_iter5_payroll.TestAttendanceOnLogin" name="test_login_idempotent_per_day" time="17.986" /><testcase classname="tests.test_iter5_payroll.TestTripWorkLog" name="test_trip_not_duplicated_per_order" time="24.742" /><testcase classname="tests.test_iter5_payroll.TestEmployeeSalaryFields" name="test_create_and_update_gaji" time="3.594" /><testcase classname="tests.test_iter5_payroll.TestReportsEmployeesNoWage" name="test_per_employee_has_no_wage" time="3.683" /></testsuite></testsuites>