<?xml version="1.0" encoding="utf-8"?><testsuites name="pytest tests"><testsuite name="pytest" errors="0" failures="0" skipped="0" tests="28" time="46.383" timestamp="2026-09-19T15:17:07.439776+00:00" hostname="agent-env-37729b80-5047-4e01-ab90-b48ccd12590d"><testcase classname="tests.backend_test.TestAuth" name="test_owner_login" time="1.260" /><testcase classname="tests.backend_test.TestMasterData" name="test_outlets" time="2.198" /><testcase classname="tests.backend_test.TestAuth" name="test_owner_wrong_pin" time="0.692" /><testcase classname="tests.backend_test.TestAuth" name="test_pegawai_produksi" time="1.098" /><testcase classname="tests.backend_test.TestMasterData" name="test_outlet_update" time="1.424" /><testcase classname="tests.backend_test.TestAuth" name="test_pegawai_kurir" time="1.094" /><testcase classname="tests.backend_test.TestMasterData" name="test_services_list" time="0.709" /><testcase classname="tests.backend_test.TestAuth" name="test_pegawai_wrong_pin" time="0.689" /><testcase classname="tests.backend_test.TestMasterData" name="test_services_include_inactive" time="0.729" /><testcase classname="tests.backend_test.TestAuth" name="test_pelanggan_login_last4" time="1.794" /><testcase classname="tests.backend_test.TestMasterData" name="test_service_create_update" time="1.424" /><testcase classname="tests.backend_test.TestMasterData" name="test_customers_search" time="1.420" /><testcase classname="tests.backend_test.TestAuth" name="test_pelanggan_not_found" time="1.100" /><testcase classname="tests.backend_test.TestReports" name="test_financial" time="2.334" /><testcase classname="tests.backend_test.TestMasterData" name="test_customer_create" time="1.423" /><testcase classname="tests.backend_test.TestMasterData" name="test_employees" time="0.721" /><testcase classname="tests.backend_test.TestMasterData" name="test_employee_create_update" time="2.040" /><testcase classname="tests.backend_test.TestReports" name="test_transactions" time="2.443" /><testcase classname="tests.backend_test.TestOrderLifecycle" name="test_list_active" time="9.325" /><testcase classname="tests.backend_test.TestReports" name="test_employees_report" time="3.306" /><testcase classname="tests.backend_test.TestReports" name="test_customers_report" time="2.018" /><testcase classname="tests.backend_test.TestFinance" name="test_expenses" time="3.170" /><testcase classname="tests.backend_test.TestFinance" name="test_adjustments" time="2.161" /><testcase classname="tests.backend_test.TestOrderLifecycle" name="test_full_lifecycle" time="19.185" /><testcase classname="tests.backend_test.TestFinance" name="test_leaderboard" time="1.646" /><testcase classname="tests.backend_test.TestDashboard" name="test_dashboard" time="3.746" /><testcase classname="tests.backend_test.TestDashboard" name="test_dashboard_outlet_filter" time="4.504" /><testcase classname="tests.backend_test.TestOrderLifecycle" name="test_cancel_order" time="5.461" /></testsuite></testsuites>