<?xml version="1.0" encoding="utf-8"?><testsuites name="pytest tests"><testsuite name="pytest" errors="0" failures="0" skipped="0" tests="17" time="30.670" timestamp="2026-09-19T16:42:52.619825+00:00" hostname="agent-env-37729b80-5047-4e01-ab90-b48ccd12590d"><testcase classname="tests.backend_test.TestAuth" name="test_owner_login" time="3.143" /><testcase classname="tests.backend_test.TestServicesPerOutlet" name="test_outlet_service_count[depok]" time="3.346" /><testcase classname="tests.backend_test.TestAuth" name="test_owner_wrong_password" time="1.357" /><testcase classname="tests.backend_test.TestServicesPerOutlet" name="test_outlet_service_count[jakarta]" time="0.706" /><testcase classname="tests.backend_test.TestServicesPerOutlet" name="test_outlet_service_count[bandung]" time="0.705" /><testcase classname="tests.backend_test.TestAuth" name="test_pegawai_login" time="2.197" /><testcase classname="tests.backend_test.TestServicesPerOutlet" name="test_service_shape[depok]" time="0.729" /><testcase classname="tests.backend_test.TestServicesPerOutlet" name="test_service_shape[jakarta]" time="0.698" /><testcase classname="tests.backend_test.TestServicesPerOutlet" name="test_service_shape[bandung]" time="0.701" /><testcase classname="tests.backend_test.TestExpressOrder" name="test_order_with_express_price_total" time="5.762" /><testcase classname="tests.backend_test.TestServicesPerOutlet" name="test_at_least_some_express_prices" time="2.118" /><testcase classname="tests.backend_test.TestServicesPerOutlet" name="test_category_grouping" time="0.705" /><testcase classname="tests.backend_test.TestOutlets" name="test_list_three_outlets" time="0.701" /><testcase classname="tests.backend_test.TestServiceCRUD" name="test_create_update_service_persists_new_columns" time="2.106" /><testcase classname="tests.backend_test.TestExpressOrder" name="test_order_with_regular_price" time="4.200" /><testcase classname="tests.backend_test.TestDashboardReports" name="test_dashboard" time="3.659" /><testcase classname="tests.backend_test.TestDashboardReports" name="test_reports_today" time="10.038" /></testsuite></testsuites>